Change Component Designator: OldDesignator=B? NewDesignator=B1
Change Component Designator: OldDesignator=C? NewDesignator=C12
Change Component Designator: OldDesignator=C? NewDesignator=C13
Change Component Designator: OldDesignator=C? NewDesignator=C14
Change Component Designator: OldDesignator=D? NewDesignator=D1
Change Component Designator: OldDesignator=D? NewDesignator=D2
Change Component Designator: OldDesignator=D? NewDesignator=D3
Change Component Designator: OldDesignator=D? NewDesignator=D4
Change Component Designator: OldDesignator=J? NewDesignator=J6
Change Component Designator: OldDesignator=J? NewDesignator=J7
Change Component Designator: OldDesignator=J? NewDesignator=J8
Change Component Designator: OldDesignator=J? NewDesignator=J9
Change Component Designator: OldDesignator=R? NewDesignator=R4
Change Component Designator: OldDesignator=R? NewDesignator=R5
Change Component Designator: OldDesignator=R? NewDesignator=R6
Change Component Designator: OldDesignator=R? NewDesignator=R7
Change Component Designator: OldDesignator=X? NewDesignator=X2
Added Pin To Net: NetName=GND Pin=U1-8
Change Net Name : Old Net Name=NetB?_4 New Net Name=NetB1_4
Change Net Name : Old Net Name=NetB?_5 New Net Name=NetB1_5
Change Net Name : Old Net Name=NetC?_2 New Net Name=NetC13_2
Change Net Name : Old Net Name=NetD?_1 New Net Name=NetD4_1
Change Net Name : Old Net Name=NetD?_2 New Net Name=NetD4_2
Added Pin To Net: NetName=NetC14_2 Pin=C14-2
Added Pin To Net: NetName=NetC14_2 Pin=U2-7
Added Pin To Net: NetName=NetC14_2 Pin=X2-2
Added Net: Name=NetC14_2
Added Pin To Net: NetName=NetD1_1 Pin=D1-1
Added Pin To Net: NetName=NetD1_1 Pin=R4-1
Added Net: Name=NetD1_1
Added Pin To Net: NetName=NetD1_2 Pin=D1-2
Added Pin To Net: NetName=NetD1_2 Pin=U1-1
Added Pin To Net: NetName=NetD1_2 Pin=U2-1
Added Net: Name=NetD1_2
Added Pin To Net: NetName=NetD2_1 Pin=D2-1
Added Pin To Net: NetName=NetD2_1 Pin=R5-1
Added Net: Name=NetD2_1
Added Pin To Net: NetName=NetD2_2 Pin=D2-2
Added Pin To Net: NetName=NetD2_2 Pin=U1-4
Added Pin To Net: NetName=NetD2_2 Pin=U2-2
Added Net: Name=NetD2_2
Added Pin To Net: NetName=NetD3_1 Pin=D3-1
Added Pin To Net: NetName=NetD3_1 Pin=R6-2
Added Net: Name=NetD3_1
Added Pin To Net: NetName=NetD3_2 Pin=D3-2
Added Pin To Net: NetName=NetD3_2 Pin=U2-10
Added Net: Name=NetD3_2
Added Member To Class: ClassName=CAN Member=Component C12 100nF
Added Member To Class: ClassName=CAN Member=Component C14 15pF
Added Member To Class: ClassName=CAN Member=Component D1 TXCAN
Added Member To Class: ClassName=CAN Member=Component D2 RXCAN
Added Member To Class: ClassName=CAN Member=Component D3 RX1BF
Added Member To Class: ClassName=Sensorkort Member=Component J6 DS18B20
Added Member To Class: ClassName=Sensorkort Member=Component J7 DS18B20
Added Member To Class: ClassName=Sensorkort Member=Component J8 I2C/Screen
Added Member To Class: ClassName=CAN Member=Component R5 10k
Added Member To Class: ClassName=CAN Member=Component R6 10k
Added Member To Class: ClassName=CAN Member=Component R7 10k
Added Room: Name=CAN
Added Room: Name=Sensorkort
Added Room: Name=Voltage_supply
