Change Component Designator: OldDesignator=U? NewDesignator=U3
Added Component: Designator=B1(1-406541-1_1)
Add component. Clean all parameters for all variants
Add component (AddParameter): Name = "3D Package"; Value = ""; VariantName = "[No Variations]"
Add component (AddParameter): Name = "Allied_Number"; Value = "70042871"; VariantName = "[No Variations]"
Add component (AddParameter): Name = "Datasheet Link"; Value = "http://uk.rs-online.com/web/p/products/7820823"; VariantName = "[No Variations]"
Add component (AddParameter): Name = "Geometry.Height"; Value = "mm"; VariantName = "[No Variations]"
Add component (AddParameter): Name = "Manufacturer_Name"; Value = "TE Connectivity"; VariantName = "[No Variations]"
Add component (AddParameter): Name = "Manufacturer_Part_Number"; Value = "1-406541-1"; VariantName = "[No Variations]"
Add component (AddParameter): Name = "Other Part Number"; Value = ""; VariantName = "[No Variations]"
Add component (AddParameter): Name = "RS Part Number"; Value = "2508293174"; VariantName = "[No Variations]"
Add component (AddParameter): Name = "Supplier_Name"; Value = "RS"; VariantName = "[No Variations]"
Added Pin To Net: NetName=GND Pin=*1-0
Added Pin To Net: NetName=GND Pin=*1-0
Added Pin To Net: NetName=GND Pin=*1-0
Added Pin To Net: NetName=GND Pin=*1-0
Added Pin To Net: NetName=GND Pin=*1-R1
Added Pin To Net: NetName=GND Pin=*1-R2
Added Pin To Net: NetName=GND Pin=*1-R3
Added Pin To Net: NetName=VCC Pin=*1-R6
Added Pin To Net: NetName=VCC Pin=*1-R7
Added Pin To Net: NetName=VCC Pin=*1-R8
Added Pin To Net: NetName=SCK Pin=U2-13
Added Pin To Net: NetName=MOSI Pin=U2-14
Added Pin To Net: NetName=MISO Pin=U2-15
Added Pin To Net: NetName=nCS_CAN Pin=U2-16
Added Pin To Net: NetName=nCS_CAN Pin=U3-24
Added Net: Name=nCS_CAN
Added Pin To Net: NetName=Net*1_R4 Pin=*1-R4
Added Pin To Net: NetName=Net*1_R4 Pin=R1-1
Added Pin To Net: NetName=Net*1_R4 Pin=U1-6
Added Net: Name=Net*1_R4
Added Pin To Net: NetName=Net*1_R5 Pin=*1-R5
Added Pin To Net: NetName=Net*1_R5 Pin=R1-2
Added Pin To Net: NetName=Net*1_R5 Pin=U1-7
Added Net: Name=Net*1_R5
Added Member To Class: ClassName=CAN Member=Component B1 1-406541-1
Added Room: Name=CAN
Added Room: Name=Sensorkort
Added Room: Name=Voltage_supply
