Removed Pin From Net: NetName=VCC Pin=B1-1
Removed Pin From Net: NetName=VCC Pin=B1-2
Removed Pin From Net: NetName=VCC Pin=B1-3
Removed Pin From Net: NetName=GND Pin=B1-6
Removed Pin From Net: NetName=GND Pin=B1-7
Removed Pin From Net: NetName=GND Pin=B1-8
Removed Member From Class: ClassName=CAN Member=B1
Added Component: Designator=B?(1-406541-1_1)
Add component. Clean all parameters for all variants
Add component (AddParameter): Name = "3D Package"; Value = ""; VariantName = "[No Variations]"
Add component (AddParameter): Name = "Allied_Number"; Value = "70042871"; VariantName = "[No Variations]"
Add component (AddParameter): Name = "Datasheet Link"; Value = "http://uk.rs-online.com/web/p/products/7820823"; VariantName = "[No Variations]"
Add component (AddParameter): Name = "Geometry.Height"; Value = "mm"; VariantName = "[No Variations]"
Add component (AddParameter): Name = "Manufacturer_Name"; Value = "TE Connectivity"; VariantName = "[No Variations]"
Add component (AddParameter): Name = "Manufacturer_Part_Number"; Value = "1-406541-1"; VariantName = "[No Variations]"
Add component (AddParameter): Name = "Other Part Number"; Value = ""; VariantName = "[No Variations]"
Add component (AddParameter): Name = "RS Part Number"; Value = "2508293174"; VariantName = "[No Variations]"
Add component (AddParameter): Name = "Supplier_Name"; Value = "RS"; VariantName = "[No Variations]"
Added Pin To Net: NetName=VCC Pin=B?-1
Added Pin To Net: NetName=VCC Pin=B?-2
Added Pin To Net: NetName=VCC Pin=B?-3
Added Pin To Net: NetName=GND Pin=B?-6
Added Pin To Net: NetName=GND Pin=B?-7
Added Pin To Net: NetName=GND Pin=B?-8
Added Pin To Net: NetName=NetB?_4 Pin=B?-4
Added Pin To Net: NetName=NetB?_4 Pin=R1-1
Added Pin To Net: NetName=NetB?_4 Pin=U1-7
Added Net: Name=NetB?_4
Added Pin To Net: NetName=NetB?_5 Pin=B?-5
Added Pin To Net: NetName=NetB?_5 Pin=R1-2
Added Pin To Net: NetName=NetB?_5 Pin=U1-6
Added Net: Name=NetB?_5
Added Member To Class: ClassName=CAN Member=Component B? 1-406541-1
Added Room: Name=CAN
Added Room: Name=Sensorkort
Added Room: Name=Voltage_supply
