Removed Pin From Net: NetName=12V Pin=U?-1
Removed Pin From Net: NetName=VCC Pin=U?-3
Removed Member From Class: ClassName=main Member=C?
Removed Member From Class: ClassName=main Member=J?
Removed Member From Class: ClassName=CAN Member=R?
Removed Member From Class: ClassName=CAN Member=U?
Removed Member From Class: ClassName=main Member=U?
Change Component Designator: OldDesignator=* NewDesignator=*1
Change Component Designator: OldDesignator=C? NewDesignator=C1
Change Component Designator: OldDesignator=C? NewDesignator=C2
Change Component Designator: OldDesignator=C? NewDesignator=C3
Change Component Designator: OldDesignator=C? NewDesignator=C4
Change Component Designator: OldDesignator=C? NewDesignator=C5
Change Component Designator: OldDesignator=C? NewDesignator=C6
Change Component Designator: OldDesignator=C? NewDesignator=C7
Change Component Designator: OldDesignator=C? NewDesignator=C8
Change Component Designator: OldDesignator=C? NewDesignator=C9
Change Component Designator: OldDesignator=C? NewDesignator=C10
Change Component Designator: OldDesignator=C? NewDesignator=C11
Change Component Designator: OldDesignator=J? NewDesignator=J1
Change Component Designator: OldDesignator=J? NewDesignator=J2
Change Component Designator: OldDesignator=J? NewDesignator=J3
Change Component Designator: OldDesignator=J? NewDesignator=J4
Change Component Designator: OldDesignator=J? NewDesignator=J5
Change Component Designator: OldDesignator=R? NewDesignator=R1
Change Component Designator: OldDesignator=R? NewDesignator=R2
Change Component Designator: OldDesignator=R? NewDesignator=R3
Change Component Designator: OldDesignator=U? NewDesignator=U1
Change Component Designator: OldDesignator=U? NewDesignator=U2
Change Component Designator: OldDesignator=U? NewDesignator=U5
Change Component Designator: OldDesignator=USB_pwr NewDesignator=USB_pwr1
Change Component Designator: OldDesignator=X? NewDesignator=X1
Added Pin To Net: NetName=TXD Pin=U1-1
Change Net Name : Old Net Name=2 New Net Name=RXD
Change Net Name : Old Net Name=NetC?_1 New Net Name=NetC1_1
Change Net Name : Old Net Name=NetJ?_1 New Net Name=NetJ3_1
Change Net Name : Old Net Name=NetR?_1 New Net Name=NetR1_1
Change Net Name : Old Net Name=NetR?_2 New Net Name=NetR1_2
Added Net: Name=2
Added Member To Class: ClassName=CAN Member=Component *1 Component_1
Added Member To Class: ClassName=main Member=Component C1 100nF
Added Member To Class: ClassName=main Member=Component C2 100nF
Added Member To Class: ClassName=main Member=Component C3 100nF
Added Member To Class: ClassName=main Member=Component C4 100nF
Added Member To Class: ClassName=main Member=Component C5 100nF
Added Member To Class: ClassName=main Member=Component C6 22pF
Added Member To Class: ClassName=main Member=Component C7 22pF
Added Member To Class: ClassName=Voltage_supply Member=Component C9 33uF
Added Member To Class: ClassName=Voltage_supply Member=Component C10 100nF
Added Member To Class: ClassName=Voltage_supply Member=Component C11 100nF
Added Member To Class: ClassName=main Member=Component J1 SPI
Added Member To Class: ClassName=main Member=Component J2 DS18B20
Added Member To Class: ClassName=main Member=Component J3 Buzzer
Added Member To Class: ClassName=main Member=Component J4 MQ5
Added Member To Class: ClassName=Voltage_supply Member=Component J5 12V supply
Added Member To Class: ClassName=CAN Member=Component R1 60R
Added Member To Class: ClassName=main Member=Component R2 4k7
Added Member To Class: ClassName=CAN Member=Component U1 MCP2551
Added Member To Class: ClassName=CAN Member=Component U2 MCP2515
Added Room: Name=CAN
Added Room: Name=main
Added Room: Name=Voltage_supply
