Removed Pin From Net: NetName=BATTERY_LEVEL Pin=Q1-1
Removed Pin From Net: NetName=BATTERY_LEVEL Pin=R8-1
Added Component: Designator=C?(CAPC0603(1608)55_N)
Add component. Clean all parameters for all variants
Add component (AddParameter): Name = "id"; Value = "3028"; VariantName = "[No Variations]"
Add component (AddParameter): Name = "leverandor"; Value = "Farnell"; VariantName = "[No Variations]"
Add component (AddParameter): Name = "leverandor_varenr"; Value = "1759122"; VariantName = "[No Variations]"
Add component (AddParameter): Name = "navn"; Value = "100nF"; VariantName = "[No Variations]"
Add component (AddParameter): Name = "nokkelord"; Value = "Kondensator, Capacitor, CAP"; VariantName = "[No Variations]"
Add component (AddParameter): Name = "pakke_opprettet"; Value = "18.02.2015 14.18.13"; VariantName = "[No Variations]"
Add component (AddParameter): Name = "pakke_opprettet_av"; Value = "815"; VariantName = "[No Variations]"
Add component (AddParameter): Name = "pakketype"; Value = "0603"; VariantName = "[No Variations]"
Add component (AddParameter): Name = "pris"; Value = "1"; VariantName = "[No Variations]"
Add component (AddParameter): Name = "produsent"; Value = "Multikomp"; VariantName = "[No Variations]"
Add component (AddParameter): Name = "symbol_opprettet"; Value = "14.11.2014 20.19.34"; VariantName = "[No Variations]"
Add component (AddParameter): Name = "symbol_opprettet_av"; Value = "815"; VariantName = "[No Variations]"
Added Pin To Net: NetName=BATTERY_LEVEL Pin=C?-2
Added Pin To Net: NetName=NetC?_1 Pin=C?-1
Added Pin To Net: NetName=NetC?_1 Pin=Q1-1
Added Pin To Net: NetName=NetC?_1 Pin=R8-1
Added Net: Name=NetC?_1
Added Member To Class: ClassName=Sensorkort Member=Component C? 100nF
Added Room: Name=CAN
Added Room: Name=Sensorkort
Added Room: Name=Voltage_supply
