Removed Pin From Net: NetName=MISO Pin=J1-1
Removed Pin From Net: NetName=VCC Pin=J1-2
Removed Pin From Net: NetName=SCK Pin=J1-3
Removed Pin From Net: NetName=MOSI Pin=J1-4
Removed Pin From Net: NetName=nRESET Pin=J1-5
Removed Pin From Net: NetName=GND Pin=J1-6
Removed Pin From Net: NetName=GND Pin=J3-2
Removed Pin From Net: NetName=GND Pin=J4-3
Added Component: Designator=U?(100A_N)
Add component. Clean all parameters for all variants
Add component (AddParameter): Name = "Code_JEDEC"; Value = "MS-026-AED"; VariantName = "[No Variations]"
Add component (AddParameter): Name = "ComponentLink1Description"; Value = "Manufacturer Link"; VariantName = "[No Variations]"
Add component (AddParameter): Name = "ComponentLink1URL"; Value = "http://www.atmel.com/products/avr/default.asp?"; VariantName = "[No Variations]"
Add component (AddParameter): Name = "ComponentLink2Description"; Value = "ATmega640/1280/1281/2560/2561 Datasheet"; VariantName = "[No Variations]"
Add component (AddParameter): Name = "ComponentLink2URL"; Value = "http://www.atmel.com/dyn/resources/prod_documents/doc2549.pdf"; VariantName = "[No Variations]"
Add component (AddParameter): Name = "ComponentLink3Description"; Value = "ATmega640/1280/1281/2560/2561 Summary"; VariantName = "[No Variations]"
Add component (AddParameter): Name = "ComponentLink3URL"; Value = "http://www.atmel.com/dyn/resources/prod_documents/2549S.pdf"; VariantName = "[No Variations]"
Add component (AddParameter): Name = "ComponentLink4Description"; Value = "Atmel.com Home"; VariantName = "[No Variations]"
Add component (AddParameter): Name = "ComponentLink4URL"; Value = "http://www.atmel.com"; VariantName = "[No Variations]"
Add component (AddParameter): Name = "DatasheetVersion"; Value = "revL, Aug-2007"; VariantName = "[No Variations]"
Add component (AddParameter): Name = "PackageDescription"; Value = "100-Pin Thin Profile Plastic Quad Flat Pack (TQFP), 14 x 14 x 1.0 mm Body, 0.5 mm Pitch"; VariantName = "[No Variations]"
Add component (AddParameter): Name = "PackageReference"; Value = "100A"; VariantName = "[No Variations]"
Add component (AddParameter): Name = "PackageVersion"; Value = "revC, Oct-2001"; VariantName = "[No Variations]"
Add component (AddParameter): Name = "Published"; Value = "1-Apr-2010"; VariantName = "[No Variations]"
Add component (AddParameter): Name = "Publisher"; Value = "Altium Limited"; VariantName = "[No Variations]"
Add component (AddParameter): Name = "Supplier 1"; Value = "Digi-Key"; VariantName = "[No Variations]"
Add component (AddParameter): Name = "Supplier 2"; Value = "Farnell"; VariantName = "[No Variations]"
Add component (AddParameter): Name = "Supplier 3"; Value = "Farnell"; VariantName = "[No Variations]"
Add component (AddParameter): Name = "Supplier 4"; Value = "Mouser"; VariantName = "[No Variations]"
Add component (AddParameter): Name = "Supplier Part Number 1"; Value = "ATMEGA2560-16AU-ND"; VariantName = "[No Variations]"
Add component (AddParameter): Name = "Supplier Part Number 2"; Value = "1288330"; VariantName = "[No Variations]"
Add component (AddParameter): Name = "Supplier Part Number 3"; Value = "1661740"; VariantName = "[No Variations]"
Add component (AddParameter): Name = "Supplier Part Number 4"; Value = "556-ATMEGA2560-16AU"; VariantName = "[No Variations]"
Added Pin To Net: NetName=VCC Pin=C1-1
Added Pin To Net: NetName=VCC Pin=C2-2
Added Pin To Net: NetName=VCC Pin=C3-2
Added Pin To Net: NetName=VCC Pin=C4-2
Added Pin To Net: NetName=VCC Pin=C5-2
Added Pin To Net: NetName=VCC Pin=J1-1
Added Pin To Net: NetName=MOSI Pin=J1-3
Added Pin To Net: NetName=GND Pin=J1-5
Added Pin To Net: NetName=VCC Pin=U?-10
Added Pin To Net: NetName=GND Pin=U?-11
Added Pin To Net: NetName=MCU_RXD Pin=U?-12
Added Pin To Net: NetName=MCU_TXD Pin=U?-13
Added Pin To Net: NetName=SCK Pin=U?-20
Added Pin To Net: NetName=MOSI Pin=U?-21
Added Pin To Net: NetName=MISO Pin=U?-22
Added Pin To Net: NetName=nRESET Pin=U?-30
Added Pin To Net: NetName=VCC Pin=U?-31
Added Pin To Net: NetName=GND Pin=U?-32
Added Pin To Net: NetName=XTAL2 Pin=U?-33
Added Pin To Net: NetName=XTAL1 Pin=U?-34
Added Pin To Net: NetName=VCC Pin=U?-61
Added Pin To Net: NetName=GND Pin=U?-62
Added Pin To Net: NetName=1_WIRE Pin=U?-75
Added Pin To Net: NetName=MQ5 Pin=U?-78
Added Pin To Net: NetName=VCC Pin=U?-80
Added Pin To Net: NetName=GND Pin=U?-81
Added Pin To Net: NetName=GND Pin=U?-99
Added Pin To Net: NetName=NetC1_2 Pin=C1-2
Added Pin To Net: NetName=NetC1_2 Pin=U?-100
Added Net: Name=NetC1_2
Added Member To Class: ClassName=Sensorkort Member=Component U? ATmega2560-16AU
