Removed Pin From Net: NetName=VCC Pin=U?-3
Removed Member From Class: ClassName=main Member=*
Change Component Footprint: Designator=C? Old Footprint=CAPC0603(1608)55_N New Footprint=CAPC0603(1608)55_N
Change Component Footprint: Designator=C? Old Footprint=CAPC0603(1608)55_N New Footprint=CAPC0603(1608)55_N
Change Component Footprint: Designator=C? Old Footprint=CAPC0603(1608)55_N New Footprint=CAPC0603(1608)55_N
Change Component Footprint: Designator=C? Old Footprint=CAPC0603(1608)55_N New Footprint=CAPC0603(1608)55_N
Change Component Footprint: Designator=C? Old Footprint=CAPC0603(1608)55_N New Footprint=CAPC0603(1608)55_N
Change Component Footprint: Designator=C? Old Footprint=CAPC0603(1608)55_N New Footprint=CAPC0603(1608)55_N
Change Component Footprint: Designator=C? Old Footprint=CAPC0603(1608)55_N New Footprint=CAPC0603(1608)55_N
Change Component Footprint: Designator=C? Old Footprint=CAPC0603(1608)55_N New Footprint=CAPC0603(1608)55_N
Change Component Footprint: Designator=C? Old Footprint=CAPC0603(1608)55_N New Footprint=CAPC0603(1608)55_N
Change Component Footprint: Designator=C? Old Footprint=CAPC0603(1608)55_N New Footprint=CAPC0603(1608)55_N
Change Component Footprint: Designator=R? Old Footprint=RESC0603(1608)_N New Footprint=RESC0603(1608)_N
Change Component Footprint: Designator=R? Old Footprint=RESC0603(1608)_N New Footprint=RESC0603(1608)_N
Change Component Footprint: Designator=R? Old Footprint=RESC0603(1608)_N New Footprint=RESC0603(1608)_N
Change Component Footprint: Designator=U? Old Footprint=SOT230P700X180-4N New Footprint=SOT230P700X180-4N
Added Pin To Net: NetName=12V Pin=U?-1
Added Pin To Net: NetName=GND Pin=U?-2
Added Pin To Net: NetName=VCC Pin=U?-3
Added Pin To Net: NetName=2 Pin=U?-4
Added Member To Class: ClassName=main Member=Component C? 22pF
Added Member To Class: ClassName=main Member=Component C? 22pF
Added Member To Class: ClassName=main Member=Component C? 100nF
Added Member To Class: ClassName=main Member=Component C? 100nF
Added Member To Class: ClassName=main Member=Component C? 100nF
Added Member To Class: ClassName=main Member=Component C? 100nF
Added Member To Class: ClassName=Voltage_supply Member=Component C? 100nF
Added Member To Class: ClassName=Voltage_supply Member=Component C? 100nF
Added Member To Class: ClassName=Voltage_supply Member=Component C? 33uF
Added Member To Class: ClassName=main Member=Component J? Buzzer
Added Member To Class: ClassName=main Member=Component J? DS18B20
Added Member To Class: ClassName=main Member=Component J? SPI
Added Member To Class: ClassName=main Member=Component R? 100R
Added Member To Class: ClassName=CAN Member=Component U? MCP2515
Added Member To Class: ClassName=Voltage_supply Member=Component U? TLV1117-33
